android/app/build/intermediates/manifest_merge_blame_file/release/manifest-merger-blame-release-report.txt
1<?xml version="1.0" encoding="utf-8"?>
2<manifest xmlns:android="http://schemas.android.com/apk/res/android"
3    package="com.push_notification_firebase"
4    android:versionCode="1"
5    android:versionName="1.0" >
6
7    <uses-sdk
8        android:minSdkVersion="16"
8-->src\main\AndroidManifest.xml
9        android:targetSdkVersion="28" />
9-->src\main\AndroidManifest.xml
10
11    <uses-permission android:name="android.permission.INTERNET" />
11-->src\main\AndroidManifest.xml:4:5-67
11-->src\main\AndroidManifest.xml:4:22-64
12    <uses-permission android:name="android.permission.WAKE_LOCK" />
12-->[:react-native-firebase_messaging] AndroidManifest.xml:12:5-68
12-->[:react-native-firebase_messaging] AndroidManifest.xml:12:22-65
13    <uses-permission android:name="android.permission.ACCESS_NETWORK_STATE" /> <!-- Required by older versions of Google Play services to create IID tokens -->
13-->[:react-native-firebase_messaging] AndroidManifest.xml:13:5-79
13-->[:react-native-firebase_messaging] AndroidManifest.xml:13:22-76
14    <uses-permission android:name="com.google.android.c2dm.permission.RECEIVE" />
14-->[com.google.firebase:firebase-iid:20.2.0] AndroidManifest.xml:26:5-82
14-->[com.google.firebase:firebase-iid:20.2.0] AndroidManifest.xml:26:22-79
15    <uses-permission android:name="com.google.android.finsky.permission.BIND_GET_INSTALL_REFERRER_SERVICE" /> <!-- for android -->
15-->[com.google.android.gms:play-services-measurement:17.4.1] AndroidManifest.xml:26:5-110
15-->[com.google.android.gms:play-services-measurement:17.4.1] AndroidManifest.xml:26:22-107
16    <!-- <uses-permission android:name="com.android.launcher.permission.READ_SETTINGS"/> -->
17    <!-- <uses-permission android:name="com.android.launcher.permission.WRITE_SETTINGS"/> -->
18    <!-- <uses-permission android:name="com.android.launcher.permission.INSTALL_SHORTCUT" /> -->
19    <!-- <uses-permission android:name="com.android.launcher.permission.UNINSTALL_SHORTCUT" /> -->
20    <!-- for Samsung -->
21    <uses-permission android:name="com.sec.android.provider.badge.permission.READ" />
21-->[me.leolin:ShortcutBadger:1.1.22] AndroidManifest.xml:19:5-86
21-->[me.leolin:ShortcutBadger:1.1.22] AndroidManifest.xml:19:22-83
22    <uses-permission android:name="com.sec.android.provider.badge.permission.WRITE" /> <!-- for htc -->
22-->[me.leolin:ShortcutBadger:1.1.22] AndroidManifest.xml:20:5-87
22-->[me.leolin:ShortcutBadger:1.1.22] AndroidManifest.xml:20:22-84
23    <uses-permission android:name="com.htc.launcher.permission.READ_SETTINGS" />
23-->[me.leolin:ShortcutBadger:1.1.22] AndroidManifest.xml:23:5-81
23-->[me.leolin:ShortcutBadger:1.1.22] AndroidManifest.xml:23:22-78
24    <uses-permission android:name="com.htc.launcher.permission.UPDATE_SHORTCUT" /> <!-- for sony -->
24-->[me.leolin:ShortcutBadger:1.1.22] AndroidManifest.xml:24:5-83
24-->[me.leolin:ShortcutBadger:1.1.22] AndroidManifest.xml:24:22-80
25    <uses-permission android:name="com.sonyericsson.home.permission.BROADCAST_BADGE" />
25-->[me.leolin:ShortcutBadger:1.1.22] AndroidManifest.xml:27:5-88
25-->[me.leolin:ShortcutBadger:1.1.22] AndroidManifest.xml:27:22-85
26    <uses-permission android:name="com.sonymobile.home.permission.PROVIDER_INSERT_BADGE" /> <!-- for apex -->
26-->[me.leolin:ShortcutBadger:1.1.22] AndroidManifest.xml:28:5-92
26-->[me.leolin:ShortcutBadger:1.1.22] AndroidManifest.xml:28:22-89
27    <uses-permission android:name="com.anddoes.launcher.permission.UPDATE_COUNT" /> <!-- for solid -->
27-->[me.leolin:ShortcutBadger:1.1.22] AndroidManifest.xml:31:5-84
27-->[me.leolin:ShortcutBadger:1.1.22] AndroidManifest.xml:31:22-81
28    <uses-permission android:name="com.majeur.launcher.permission.UPDATE_BADGE" /> <!-- for huawei -->
28-->[me.leolin:ShortcutBadger:1.1.22] AndroidManifest.xml:34:5-83
28-->[me.leolin:ShortcutBadger:1.1.22] AndroidManifest.xml:34:22-80
29    <uses-permission android:name="com.huawei.android.launcher.permission.CHANGE_BADGE" />
29-->[me.leolin:ShortcutBadger:1.1.22] AndroidManifest.xml:37:5-91
29-->[me.leolin:ShortcutBadger:1.1.22] AndroidManifest.xml:37:22-88
30    <uses-permission android:name="com.huawei.android.launcher.permission.READ_SETTINGS" />
30-->[me.leolin:ShortcutBadger:1.1.22] AndroidManifest.xml:38:5-92
30-->[me.leolin:ShortcutBadger:1.1.22] AndroidManifest.xml:38:22-89
31    <uses-permission android:name="com.huawei.android.launcher.permission.WRITE_SETTINGS" /> <!-- for ZUK -->
31-->[me.leolin:ShortcutBadger:1.1.22] AndroidManifest.xml:39:5-93
31-->[me.leolin:ShortcutBadger:1.1.22] AndroidManifest.xml:39:22-90
32    <uses-permission android:name="android.permission.READ_APP_BADGE" /> <!-- for OPPO -->
32-->[me.leolin:ShortcutBadger:1.1.22] AndroidManifest.xml:42:5-73
32-->[me.leolin:ShortcutBadger:1.1.22] AndroidManifest.xml:42:22-70
33    <uses-permission android:name="com.oppo.launcher.permission.READ_SETTINGS" />
33-->[me.leolin:ShortcutBadger:1.1.22] AndroidManifest.xml:45:5-82
33-->[me.leolin:ShortcutBadger:1.1.22] AndroidManifest.xml:45:22-79
34    <uses-permission android:name="com.oppo.launcher.permission.WRITE_SETTINGS" /> <!-- for EvMe -->
34-->[me.leolin:ShortcutBadger:1.1.22] AndroidManifest.xml:46:5-83
34-->[me.leolin:ShortcutBadger:1.1.22] AndroidManifest.xml:46:22-80
35    <uses-permission android:name="me.everything.badger.permission.BADGE_COUNT_READ" />
35-->[me.leolin:ShortcutBadger:1.1.22] AndroidManifest.xml:49:5-88
35-->[me.leolin:ShortcutBadger:1.1.22] AndroidManifest.xml:49:22-85
36    <uses-permission android:name="me.everything.badger.permission.BADGE_COUNT_WRITE" />
36-->[me.leolin:ShortcutBadger:1.1.22] AndroidManifest.xml:50:5-89
36-->[me.leolin:ShortcutBadger:1.1.22] AndroidManifest.xml:50:22-86
37
38    <application
38-->src\main\AndroidManifest.xml:6:5-25:19
39        android:name="com.push_notification_firebase.MainApplication"
39-->src\main\AndroidManifest.xml:7:7-38
40        android:allowBackup="false"
40-->src\main\AndroidManifest.xml:11:7-34
41        android:appComponentFactory="androidx.core.app.CoreComponentFactory"
41-->[androidx.core:core:1.0.1] AndroidManifest.xml:22:18-86
42        android:icon="@mipmap/ic_launcher"
42-->src\main\AndroidManifest.xml:9:7-41
43        android:label="@string/app_name"
43-->src\main\AndroidManifest.xml:8:7-39
44        android:roundIcon="@mipmap/ic_launcher_round"
44-->src\main\AndroidManifest.xml:10:7-52
45        android:theme="@style/AppTheme" >
45-->src\main\AndroidManifest.xml:12:7-38
46        <activity
46-->src\main\AndroidManifest.xml:13:7-23:18
47            android:name="com.push_notification_firebase.MainActivity"
47-->src\main\AndroidManifest.xml:14:9-37
48            android:configChanges="keyboard|keyboardHidden|orientation|screenSize|uiMode"
48-->src\main\AndroidManifest.xml:16:9-86
49            android:label="@string/app_name"
49-->src\main\AndroidManifest.xml:15:9-41
50            android:launchMode="singleTask"
50-->src\main\AndroidManifest.xml:17:9-40
51            android:windowSoftInputMode="adjustResize" >
51-->src\main\AndroidManifest.xml:18:9-51
52            <intent-filter>
52-->src\main\AndroidManifest.xml:19:9-22:25
53                <action android:name="android.intent.action.MAIN" />
53-->src\main\AndroidManifest.xml:20:13-65
53-->src\main\AndroidManifest.xml:20:21-62
54
55                <category android:name="android.intent.category.LAUNCHER" />
55-->src\main\AndroidManifest.xml:21:13-73
55-->src\main\AndroidManifest.xml:21:23-70
56            </intent-filter>
57        </activity>
58        <activity android:name="com.facebook.react.devsupport.DevSettingsActivity" />
58-->src\main\AndroidManifest.xml:24:7-84
58-->src\main\AndroidManifest.xml:24:17-81
59
60        <service android:name="io.invertase.firebase.messaging.ReactNativeFirebaseMessagingHeadlessService" />
60-->[:react-native-firebase_messaging] AndroidManifest.xml:16:9-111
60-->[:react-native-firebase_messaging] AndroidManifest.xml:16:18-108
61        <service
61-->[:react-native-firebase_messaging] AndroidManifest.xml:17:9-23:19
62            android:name="io.invertase.firebase.messaging.ReactNativeFirebaseMessagingService"
62-->[:react-native-firebase_messaging] AndroidManifest.xml:18:13-95
63            android:exported="false" >
63-->[:react-native-firebase_messaging] AndroidManifest.xml:19:13-37
64            <intent-filter>
64-->[:react-native-firebase_messaging] AndroidManifest.xml:20:13-22:29
65                <action android:name="com.google.firebase.MESSAGING_EVENT" />
65-->[:react-native-firebase_messaging] AndroidManifest.xml:21:17-78
65-->[:react-native-firebase_messaging] AndroidManifest.xml:21:25-75
66            </intent-filter>
67        </service>
68
69        <receiver
69-->[:react-native-firebase_messaging] AndroidManifest.xml:25:9-32:20
70            android:name="io.invertase.firebase.messaging.ReactNativeFirebaseMessagingReceiver"
70-->[:react-native-firebase_messaging] AndroidManifest.xml:26:13-96
71            android:exported="true"
71-->[:react-native-firebase_messaging] AndroidManifest.xml:27:13-36
72            android:permission="com.google.android.c2dm.permission.SEND" >
72-->[:react-native-firebase_messaging] AndroidManifest.xml:28:13-73
73            <intent-filter>
73-->[:react-native-firebase_messaging] AndroidManifest.xml:29:13-31:29
74                <action android:name="com.google.android.c2dm.intent.RECEIVE" />
74-->[:react-native-firebase_messaging] AndroidManifest.xml:30:17-81
74-->[:react-native-firebase_messaging] AndroidManifest.xml:30:25-78
75            </intent-filter>
76        </receiver>
77
78        <meta-data
78-->[:react-native-firebase_messaging] AndroidManifest.xml:34:9-36:36
79            android:name="firebase_messaging_auto_init_enabled"
79-->[:react-native-firebase_messaging] AndroidManifest.xml:35:13-64
80            android:value="true" />
80-->[:react-native-firebase_messaging] AndroidManifest.xml:36:13-33
81        <meta-data
81-->[:react-native-firebase_messaging] AndroidManifest.xml:37:9-39:32
82            android:name="com.google.firebase.messaging.default_notification_channel_id"
82-->[:react-native-firebase_messaging] AndroidManifest.xml:38:13-89
83            android:value="" />
83-->[:react-native-firebase_messaging] AndroidManifest.xml:39:13-29
84        <meta-data
84-->[:react-native-firebase_messaging] AndroidManifest.xml:40:9-42:47
85            android:name="com.google.firebase.messaging.default_notification_color"
85-->[:react-native-firebase_messaging] AndroidManifest.xml:41:13-84
86            android:resource="@color/white" />
86-->[:react-native-firebase_messaging] AndroidManifest.xml:42:13-44
87        <!--
88             FirebaseMessagingService performs security checks at runtime,
89             but set to not exported to explicitly avoid allowing another app to call it.
90        -->
91        <service
91-->[com.google.firebase:firebase-messaging:20.2.0] AndroidManifest.xml:28:9-35:19
92            android:name="com.google.firebase.messaging.FirebaseMessagingService"
92-->[com.google.firebase:firebase-messaging:20.2.0] AndroidManifest.xml:29:13-82
93            android:directBootAware="true"
93-->[com.google.firebase:firebase-messaging:20.2.0] AndroidManifest.xml:30:13-43
94            android:exported="false" >
94-->[com.google.firebase:firebase-messaging:20.2.0] AndroidManifest.xml:31:13-37
95            <intent-filter android:priority="-500" >
95-->[:react-native-firebase_messaging] AndroidManifest.xml:20:13-22:29
96                <action android:name="com.google.firebase.MESSAGING_EVENT" />
96-->[:react-native-firebase_messaging] AndroidManifest.xml:21:17-78
96-->[:react-native-firebase_messaging] AndroidManifest.xml:21:25-75
97            </intent-filter>
98        </service>
99        <service
99-->[com.google.firebase:firebase-messaging:20.2.0] AndroidManifest.xml:36:9-42:19
100            android:name="com.google.firebase.components.ComponentDiscoveryService"
100-->[com.google.firebase:firebase-messaging:20.2.0] AndroidManifest.xml:37:13-84
101            android:directBootAware="true"
101-->[com.google.firebase:firebase-common:19.3.0] AndroidManifest.xml:34:13-43
102            android:exported="false" >
102-->[com.google.firebase:firebase-messaging:20.2.0] AndroidManifest.xml:38:13-37
103            <meta-data
103-->[com.google.firebase:firebase-messaging:20.2.0] AndroidManifest.xml:39:13-41:85
104                android:name="com.google.firebase.components:com.google.firebase.messaging.FirebaseMessagingRegistrar"
104-->[com.google.firebase:firebase-messaging:20.2.0] AndroidManifest.xml:40:17-119
105                android:value="com.google.firebase.components.ComponentRegistrar" />
105-->[com.google.firebase:firebase-messaging:20.2.0] AndroidManifest.xml:41:17-82
106            <meta-data
106-->[com.google.android.gms:play-services-measurement-api:17.4.1] AndroidManifest.xml:30:13-32:85
107                android:name="com.google.firebase.components:com.google.firebase.analytics.connector.internal.AnalyticsConnectorRegistrar"
107-->[com.google.android.gms:play-services-measurement-api:17.4.1] AndroidManifest.xml:31:17-139
108                android:value="com.google.firebase.components.ComponentRegistrar" />
108-->[com.google.android.gms:play-services-measurement-api:17.4.1] AndroidManifest.xml:32:17-82
109            <meta-data
109-->[com.google.firebase:firebase-iid:20.2.0] AndroidManifest.xml:32:13-34:85
110                android:name="com.google.firebase.components:com.google.firebase.iid.Registrar"
110-->[com.google.firebase:firebase-iid:20.2.0] AndroidManifest.xml:33:17-96
111                android:value="com.google.firebase.components.ComponentRegistrar" />
111-->[com.google.firebase:firebase-iid:20.2.0] AndroidManifest.xml:34:17-82
112            <meta-data
112-->[com.google.firebase:firebase-datatransport:17.0.3] AndroidManifest.xml:28:13-30:85
113                android:name="com.google.firebase.components:com.google.firebase.datatransport.TransportRegistrar"
113-->[com.google.firebase:firebase-datatransport:17.0.3] AndroidManifest.xml:29:17-115
114                android:value="com.google.firebase.components.ComponentRegistrar" />
114-->[com.google.firebase:firebase-datatransport:17.0.3] AndroidManifest.xml:30:17-82
115            <meta-data
115-->[com.google.firebase:firebase-installations:16.3.1] AndroidManifest.xml:17:13-19:85
116                android:name="com.google.firebase.components:com.google.firebase.installations.FirebaseInstallationsRegistrar"
116-->[com.google.firebase:firebase-installations:16.3.1] AndroidManifest.xml:18:17-127
117                android:value="com.google.firebase.components.ComponentRegistrar" />
117-->[com.google.firebase:firebase-installations:16.3.1] AndroidManifest.xml:19:17-82
118        </service>
119
120        <receiver
120-->[com.google.firebase:firebase-iid:20.2.0] AndroidManifest.xml:37:9-44:20
121            android:name="com.google.firebase.iid.FirebaseInstanceIdReceiver"
121-->[com.google.firebase:firebase-iid:20.2.0] AndroidManifest.xml:38:13-78
122            android:exported="true"
122-->[com.google.firebase:firebase-iid:20.2.0] AndroidManifest.xml:39:13-36
123            android:permission="com.google.android.c2dm.permission.SEND" >
123-->[com.google.firebase:firebase-iid:20.2.0] AndroidManifest.xml:40:13-73
124            <intent-filter>
124-->[:react-native-firebase_messaging] AndroidManifest.xml:29:13-31:29
125                <action android:name="com.google.android.c2dm.intent.RECEIVE" />
125-->[:react-native-firebase_messaging] AndroidManifest.xml:30:17-81
125-->[:react-native-firebase_messaging] AndroidManifest.xml:30:25-78
126            </intent-filter>
127        </receiver>
128        <receiver
128-->[com.google.android.gms:play-services-measurement:17.4.1] AndroidManifest.xml:29:9-33:20
129            android:name="com.google.android.gms.measurement.AppMeasurementReceiver"
129-->[com.google.android.gms:play-services-measurement:17.4.1] AndroidManifest.xml:30:13-85
130            android:enabled="true"
130-->[com.google.android.gms:play-services-measurement:17.4.1] AndroidManifest.xml:31:13-35
131            android:exported="false" >
131-->[com.google.android.gms:play-services-measurement:17.4.1] AndroidManifest.xml:32:13-37
132        </receiver>
133
134        <service
134-->[com.google.android.gms:play-services-measurement:17.4.1] AndroidManifest.xml:35:9-38:40
135            android:name="com.google.android.gms.measurement.AppMeasurementService"
135-->[com.google.android.gms:play-services-measurement:17.4.1] AndroidManifest.xml:36:13-84
136            android:enabled="true"
136-->[com.google.android.gms:play-services-measurement:17.4.1] AndroidManifest.xml:37:13-35
137            android:exported="false" />
137-->[com.google.android.gms:play-services-measurement:17.4.1] AndroidManifest.xml:38:13-37
138        <service
138-->[com.google.android.gms:play-services-measurement:17.4.1] AndroidManifest.xml:39:9-43:72
139            android:name="com.google.android.gms.measurement.AppMeasurementJobService"
139-->[com.google.android.gms:play-services-measurement:17.4.1] AndroidManifest.xml:40:13-87
140            android:enabled="true"
140-->[com.google.android.gms:play-services-measurement:17.4.1] AndroidManifest.xml:41:13-35
141            android:exported="false"
141-->[com.google.android.gms:play-services-measurement:17.4.1] AndroidManifest.xml:42:13-37
142            android:permission="android.permission.BIND_JOB_SERVICE" />
142-->[com.google.android.gms:play-services-measurement:17.4.1] AndroidManifest.xml:43:13-69
143
144        <provider
144-->[com.google.firebase:firebase-common:19.3.0] AndroidManifest.xml:26:9-30:39
145            android:name="com.google.firebase.provider.FirebaseInitProvider"
145-->[com.google.firebase:firebase-common:19.3.0] AndroidManifest.xml:27:13-77
146            android:authorities="com.push_notification_firebase.firebaseinitprovider"
146-->[com.google.firebase:firebase-common:19.3.0] AndroidManifest.xml:28:13-72
147            android:exported="false"
147-->[com.google.firebase:firebase-common:19.3.0] AndroidManifest.xml:29:13-37
148            android:initOrder="100" />
148-->[com.google.firebase:firebase-common:19.3.0] AndroidManifest.xml:30:13-36
149
150        <activity
150-->[com.google.android.gms:play-services-base:17.0.0] AndroidManifest.xml:23:9-26:75
151            android:name="com.google.android.gms.common.api.GoogleApiActivity"
151-->[com.google.android.gms:play-services-base:17.0.0] AndroidManifest.xml:24:13-79
152            android:exported="false"
152-->[com.google.android.gms:play-services-base:17.0.0] AndroidManifest.xml:25:13-37
153            android:theme="@android:style/Theme.Translucent.NoTitleBar" />
153-->[com.google.android.gms:play-services-base:17.0.0] AndroidManifest.xml:26:13-72
154
155        <meta-data
155-->[com.google.android.gms:play-services-basement:17.0.0] AndroidManifest.xml:23:9-25:69
156            android:name="com.google.android.gms.version"
156-->[com.google.android.gms:play-services-basement:17.0.0] AndroidManifest.xml:24:13-58
157            android:value="@integer/google_play_services_version" />
157-->[com.google.android.gms:play-services-basement:17.0.0] AndroidManifest.xml:25:13-66
158
159        <service
159-->[com.google.android.datatransport:transport-backend-cct:2.2.0] AndroidManifest.xml:29:9-35:19
160            android:name="com.google.android.datatransport.runtime.backends.TransportBackendDiscovery"
160-->[com.google.android.datatransport:transport-backend-cct:2.2.0] AndroidManifest.xml:30:13-103
161            android:exported="false" >
161-->[com.google.android.datatransport:transport-backend-cct:2.2.0] AndroidManifest.xml:31:13-37
162            <meta-data
162-->[com.google.android.datatransport:transport-backend-cct:2.2.0] AndroidManifest.xml:32:13-34:39
163                android:name="backend:com.google.android.datatransport.cct.CctBackendFactory"
163-->[com.google.android.datatransport:transport-backend-cct:2.2.0] AndroidManifest.xml:33:17-94
164                android:value="cct" />
164-->[com.google.android.datatransport:transport-backend-cct:2.2.0] AndroidManifest.xml:34:17-36
165        </service>
166        <service
166-->[com.google.android.datatransport:transport-runtime:2.2.0] AndroidManifest.xml:26:9-30:19
167            android:name="com.google.android.datatransport.runtime.scheduling.jobscheduling.JobInfoSchedulerService"
167-->[com.google.android.datatransport:transport-runtime:2.2.0] AndroidManifest.xml:27:13-117
168            android:exported="false"
168-->[com.google.android.datatransport:transport-runtime:2.2.0] AndroidManifest.xml:28:13-37
169            android:permission="android.permission.BIND_JOB_SERVICE" >
169-->[com.google.android.datatransport:transport-runtime:2.2.0] AndroidManifest.xml:29:13-69
170        </service>
171
172        <receiver
172-->[com.google.android.datatransport:transport-runtime:2.2.0] AndroidManifest.xml:32:9-34:40
173            android:name="com.google.android.datatransport.runtime.scheduling.jobscheduling.AlarmManagerSchedulerBroadcastReceiver"
173-->[com.google.android.datatransport:transport-runtime:2.2.0] AndroidManifest.xml:33:13-132
174            android:exported="false" />
174-->[com.google.android.datatransport:transport-runtime:2.2.0] AndroidManifest.xml:34:13-37
175    </application>
176
177</manifest>